  main.cpp
\\psf\home\downloads\inf4710\tp2\inf4710_tp2_cpp\conv_rgb2ycbcr.h(50): warning C4244: 'argument': conversion from 'double' to 'int', possible loss of data
\\psf\home\downloads\inf4710\tp2\inf4710_tp2_cpp\conv_rgb2ycbcr.h(51): warning C4244: 'argument': conversion from 'double' to 'int', possible loss of data
\\psf\home\downloads\inf4710\tp2\inf4710_tp2_cpp\conv_ycbcr2rgb.h(41): warning C4244: 'argument': conversion from 'double' to 'int', possible loss of data
\\psf\home\downloads\inf4710\tp2\inf4710_tp2_cpp\conv_ycbcr2rgb.h(41): warning C4244: '=': conversion from 'double' to 'uchar', possible loss of data
\\psf\home\downloads\inf4710\tp2\inf4710_tp2_cpp\conv_ycbcr2rgb.h(42): warning C4244: 'argument': conversion from 'double' to 'int', possible loss of data
\\psf\home\downloads\inf4710\tp2\inf4710_tp2_cpp\conv_ycbcr2rgb.h(42): warning C4244: '=': conversion from 'double' to 'uchar', possible loss of data
\\psf\home\downloads\inf4710\tp2\inf4710_tp2_cpp\conv_ycbcr2rgb.h(43): warning C4244: 'argument': conversion from 'double' to 'int', possible loss of data
\\psf\home\downloads\inf4710\tp2\inf4710_tp2_cpp\conv_ycbcr2rgb.h(43): warning C4244: '=': conversion from 'double' to 'uchar', possible loss of data
  conv_ycbcr2rgb.h
\\psf\home\downloads\inf4710\tp2\inf4710_tp2_cpp\conv_ycbcr2rgb.h(41): warning C4244: 'argument': conversion from 'double' to 'int', possible loss of data
\\psf\home\downloads\inf4710\tp2\inf4710_tp2_cpp\conv_ycbcr2rgb.h(41): warning C4244: '=': conversion from 'double' to 'uchar', possible loss of data
\\psf\home\downloads\inf4710\tp2\inf4710_tp2_cpp\conv_ycbcr2rgb.h(42): warning C4244: 'argument': conversion from 'double' to 'int', possible loss of data
\\psf\home\downloads\inf4710\tp2\inf4710_tp2_cpp\conv_ycbcr2rgb.h(42): warning C4244: '=': conversion from 'double' to 'uchar', possible loss of data
\\psf\home\downloads\inf4710\tp2\inf4710_tp2_cpp\conv_ycbcr2rgb.h(43): warning C4244: 'argument': conversion from 'double' to 'int', possible loss of data
\\psf\home\downloads\inf4710\tp2\inf4710_tp2_cpp\conv_ycbcr2rgb.h(43): warning C4244: '=': conversion from 'double' to 'uchar', possible loss of data
  conv_rgb2ycbcr.h
\\psf\home\downloads\inf4710\tp2\inf4710_tp2_cpp\conv_rgb2ycbcr.h(50): warning C4244: 'argument': conversion from 'double' to 'int', possible loss of data
\\psf\home\downloads\inf4710\tp2\inf4710_tp2_cpp\conv_rgb2ycbcr.h(51): warning C4244: 'argument': conversion from 'double' to 'int', possible loss of data
  Generating Code...
  inf4710_tp2.vcxproj -> \\psf\Home\Downloads\inf4710\TP2\inf4710_tp2_cpp\x64\Debug\inf4710_tp2.exe
